This file contains any messages produced by compilers while
running configure, to aid debugging if configure makes a mistake.

It was created by libvirt-wakeonlan configure 20120415, which was
generated by GNU Autoconf 2.68.  Invocation command line was

  $ ./configure --build=x86_64-linux-gnu --prefix=/usr --includedir=${prefix}/include --mandir=${prefix}/share/man --infodir=${prefix}/share/info --sysconfdir=/etc --localstatedir=/var --disable-silent-rules --libexecdir=${prefix}/lib/libvirt-wakeonlan --disable-maintainer-mode --disable-dependency-tracking

## --------- ##
## Platform. ##
## --------- ##

hostname = tisdag
uname -m = x86_64
uname -r = 4.0.0-dirty
uname -s = Linux
uname -v = #2 SMP Tue Apr 14 11:18:42 CEST 2015

/usr/bin/uname -p = unknown
/bin/uname -X     = unknown

/bin/arch              = unknown
/usr/bin/arch -k       = unknown
/usr/convex/getsysinfo = unknown
/usr/bin/hostinfo      = unknown
/bin/machine           = unknown
/usr/bin/oslevel       = unknown
/bin/universe          = unknown

PATH: /usr/local/bin
PATH: /usr/bin
PATH: /bin
PATH: /usr/local/games
PATH: /usr/games
PATH: /home/tdenisse/bin
PATH: /home/tdenisse/git_toolshed


## ----------- ##
## Core tests. ##
## ----------- ##

configure:1696: checking for a BSD-compatible install
configure:1764: result: /usr/bin/install -c
configure:1936: creating ./config.status

## ---------------------- ##
## Running config.status. ##
## ---------------------- ##

This file was extended by libvirt-wakeonlan config.status 20120415, which was
generated by GNU Autoconf 2.68.  Invocation command line was

  CONFIG_FILES    = 
  CONFIG_HEADERS  = 
  CONFIG_LINKS    = 
  CONFIG_COMMANDS = 
  $ ./config.status 

on tisdag

config.status:728: creating Makefile
configure:2955: WARNING: unrecognized options: --disable-silent-rules, --disable-maintainer-mode, --disable-dependency-tracking

## ---------------- ##
## Cache variables. ##
## ---------------- ##

ac_cv_env_build_alias_set=set
ac_cv_env_build_alias_value=x86_64-linux-gnu
ac_cv_env_host_alias_set=
ac_cv_env_host_alias_value=
ac_cv_env_target_alias_set=
ac_cv_env_target_alias_value=
ac_cv_path_install='/usr/bin/install -c'

## ----------------- ##
## Output variables. ##
## ----------------- ##

DEFS='-DPACKAGE_NAME=\"libvirt-wakeonlan\" -DPACKAGE_TARNAME=\"libvirt-wakeonlan\" -DPACKAGE_VERSION=\"20120415\" -DPACKAGE_STRING=\"libvirt-wakeonlan\ 20120415\" -DPACKAGE_BUGREPORT=\"src@niftiestsoftware.com\" -DPACKAGE_URL=\"\"'
ECHO_C=''
ECHO_N='-n'
ECHO_T=''
INSTALL_DATA='${INSTALL} -m 644'
INSTALL_PROGRAM='${INSTALL}'
INSTALL_SCRIPT='${INSTALL}'
LIBOBJS=''
LIBS=''
LTLIBOBJS=''
PACKAGE_BUGREPORT='src@niftiestsoftware.com'
PACKAGE_NAME='libvirt-wakeonlan'
PACKAGE_STRING='libvirt-wakeonlan 20120415'
PACKAGE_TARNAME='libvirt-wakeonlan'
PACKAGE_URL=''
PACKAGE_VERSION='20120415'
PATH_SEPARATOR=':'
SHELL='/bin/bash'
bindir='${exec_prefix}/bin'
build_alias='x86_64-linux-gnu'
datadir='${datarootdir}'
datarootdir='${prefix}/share'
docdir='${datarootdir}/doc/${PACKAGE_TARNAME}'
dvidir='${docdir}'
exec_prefix='${prefix}'
host_alias=''
htmldir='${docdir}'
includedir='${prefix}/include'
infodir='${prefix}/share/info'
libdir='${exec_prefix}/lib'
libexecdir='${prefix}/lib/libvirt-wakeonlan'
localedir='${datarootdir}/locale'
localstatedir='/var'
mandir='${prefix}/share/man'
oldincludedir='/usr/include'
pdfdir='${docdir}'
prefix='/usr'
program_transform_name='s,x,x,'
psdir='${docdir}'
sbindir='${exec_prefix}/sbin'
sharedstatedir='${prefix}/com'
sysconfdir='/etc'
target_alias=''

## ----------- ##
## confdefs.h. ##
## ----------- ##

/* confdefs.h */
#define PACKAGE_NAME "libvirt-wakeonlan"
#define PACKAGE_TARNAME "libvirt-wakeonlan"
#define PACKAGE_VERSION "20120415"
#define PACKAGE_STRING "libvirt-wakeonlan 20120415"
#define PACKAGE_BUGREPORT "src@niftiestsoftware.com"
#define PACKAGE_URL ""

configure: exit 0
